<?xml version="1.0" encoding="UTF-8"?>
<!-- Generated by org.testng.reporters.JUnitXMLReporter -->
<testsuite ignored="1" hostname="DESKTOP-PH1SPBH" failures="0" tests="1" name="Default test(failed)" time="10.206" errors="0" timestamp="2022-05-31T23:09:23 IST">
  <testcase classname="com.SuceDemo.TestClasses2.TC01LoginFunctionality02" name="loginFunctionality" time="0.046"/>
  <testcase classname="com.SuceDemo.TestClasses2.TC01LoginFunctionality02" name="logoutFunctionality" time="0.0">
    <ignored/>
  </testcase> <!-- logoutFunctionality -->
</testsuite> <!-- Default test(failed) -->
