<?xml version="1.0" encoding="UTF-8"?>
<testng-results ignored="0" total="1" passed="1" failed="0" skipped="0">
  <reporter-output>
  </reporter-output>
  <suite started-at="2022-05-31T23:48:09 IST" name="Failed suite [Suite]" finished-at="2022-05-31T23:48:20 IST" duration-ms="11163">
    <groups>
    </groups>
    <test started-at="2022-05-31T23:48:09 IST" name="Test(failed)" finished-at="2022-05-31T23:48:20 IST" duration-ms="11163">
      <class name="com.SuceDemo.TestClasses2.TC06VerifyWeAbleToProceedForCheckouts">
        <test-method signature="verifyWeAbleToProceedForCheckOuts()[pri:0, instance:com.SuceDemo.TestClasses2.TC06VerifyWeAbleToProceedForCheckouts@36c88a32]" started-at="2022-05-31T23:48:09 IST" name="verifyWeAbleToProceedForCheckOuts" finished-at="2022-05-31T23:48:20 IST" duration-ms="11040" status="PASS">
          <reporter-output>
          </reporter-output>
        </test-method> <!-- verifyWeAbleToProceedForCheckOuts -->
      </class> <!-- com.SuceDemo.TestClasses2.TC06VerifyWeAbleToProceedForCheckouts -->
    </test> <!-- Test(failed) -->
  </suite> <!-- Failed suite [Suite] -->
</testng-results>
